<?xml version="1.0" encoding="UTF-8"?>
<!-- Generated by org.testng.reporters.JUnitReportReporter -->
<testsuite hostname="Abhi" failures="0" tests="1" name="testjava.DashBoardTest" time="5.806" errors="0" timestamp="2022-05-11T11:24:37 IST" skipped="0">
  <testcase classname="testjava.DashBoardTest" name="verifyBellIConIsDisplayed" time="5.806"/>
  <system-out/>
</testsuite> <!-- testjava.DashBoardTest -->
