<?xml version="1.0" encoding="UTF-8"?>
<!-- Generated by org.testng.reporters.JUnitReportReporter -->
<testsuite hostname="Abhi" failures="0" tests="4" name="testjava.LoginPageTest" time="7.481" errors="0" timestamp="2022-05-11T11:24:37 IST" skipped="0">
  <testcase classname="testjava.LoginPageTest" name="verifyUrlOfLoginPage" time="0.056"/>
  <system-out>
    <![CDATA[https://opensource-demo.orangehrmlive.com/]]>
  </system-out>
  <testcase classname="testjava.LoginPageTest" name="verifyTitleOfLoginPage" time="0.053"/>
  <system-out>
    <![CDATA[OrangeHRM]]>
  </system-out>
  <testcase classname="testjava.LoginPageTest" name="verifyLoginPageWithCorrectCredentials" time="5.687"/>
  <system-out/>
  <testcase classname="testjava.LoginPageTest" name="verifyLoginPageWithIncorrectCredentials" time="1.685"/>
  <system-out/>
</testsuite> <!-- testjava.LoginPageTest -->
