<?xml version="1.0" encoding="UTF-8"?>
<!-- Generated by org.testng.reporters.JUnitReportReporter -->
<testsuite hostname="EPINPUNW0093" failures="0" tests="1" name="testjava.WIKITest" time="0.002" errors="0" timestamp="2022-09-18T09:08:38 IST" skipped="0">
  <testcase classname="testjava.WIKITest" name="test1" time="0.002"/>
  <system-out/>
</testsuite> <!-- testjava.WIKITest -->
